0,0,0
1,3,0
0,1,1
0,3,1
1,0,0
2,3,0
3,0,0
2,2,-1
2,0,-1
3,3,0
pass
pass
result for white = 0
         598447 function calls (583210 primitive calls) in 0.256 seconds

   Ordered by: internal time

   ncalls  tottime  percall  cumtime  percall filename:lineno(function)
    78915    0.056    0.000    0.062    0.000 GameState.py:84(checkIfLegal)
    11015    0.047    0.000    0.127    0.000 GameState.py:22(list_all_legal_moves)
 15195/12    0.032    0.000    0.251    0.021 Evaluator.py:15(default_evaluate)
    15195    0.028    0.000    0.039    0.000 GameState.py:57(applyMove)
    15195    0.020    0.000    0.024    0.000 GameState.py:36(rotateBoard)
    80325    0.014    0.000    0.014    0.000 Move.py:2(__init__)
    15183    0.013    0.000    0.020    0.000 GameState.py:47(clone)
    15209    0.009    0.000    0.009    0.000 GameState.py:117(game_is_finished)
    94110    0.008    0.000    0.008    0.000 Move.py:7(is_passing)
   109200    0.007    0.000    0.007    0.000 {method 'append' of 'list' objects}
    15184    0.004    0.000    0.004    0.000 GameState.py:6(__init__)
    50587    0.004    0.000    0.004    0.000 Move.py:13(get_figur)
    18402    0.003    0.000    0.003    0.000 {method 'remove' of 'list' objects}
    30366    0.003    0.000    0.003    0.000 {method 'copy' of 'list' objects}
    21152    0.002    0.000    0.002    0.000 Move.py:10(get_richtung)
        1    0.001    0.001    0.001    0.001 {built-in method _imp.create_dynamic}
    11044    0.001    0.000    0.001    0.000 {built-in method builtins.len}
        5    0.001    0.000    0.001    0.000 {built-in method _imp.create_builtin}
    33/31    0.001    0.000    0.001    0.000 {built-in method builtins.__build_class__}
        7    0.000    0.000    0.000    0.000 {built-in method marshal.loads}
       19    0.000    0.000    0.001    0.000 <frozen importlib._bootstrap_external>:1233(find_spec)
       34    0.000    0.000    0.000    0.000 {built-in method posix.stat}
        7    0.000    0.000    0.000    0.000 <frozen importlib._bootstrap_external>:830(get_data)
        7    0.000    0.000    0.000    0.000 {method 'read' of '_io.FileIO' objects}
       98    0.000    0.000    0.000    0.000 <frozen importlib._bootstrap_external>:57(_path_join)
        1    0.000    0.000    0.003    0.003 random.py:38(<module>)
       98    0.000    0.000    0.000    0.000 <frozen importlib._bootstrap_external>:59(<listcomp>)
        7    0.000    0.000    0.000    0.000 <frozen importlib._bootstrap_external>:430(_validate_bytecode_header)
     13/4    0.000    0.000    0.005    0.001 <frozen importlib._bootstrap>:966(_find_and_load)
       13    0.000    0.000    0.001    0.000 <frozen importlib._bootstrap>:870(_find_spec)
       13    0.000    0.000    0.000    0.000 <frozen importlib._bootstrap>:157(_get_module_lock)
     13/4    0.000    0.000    0.005    0.001 <frozen importlib._bootstrap>:651(_load_unlocked)
       14    0.000    0.000    0.000    0.000 <frozen importlib._bootstrap_external>:263(cache_from_source)
       13    0.000    0.000    0.000    0.000 <frozen importlib._bootstrap>:504(_init_module_attrs)
        7    0.000    0.000    0.001    0.000 <frozen importlib._bootstrap_external>:743(get_code)
        8    0.000    0.000    0.001    0.000 <frozen importlib._bootstrap_external>:1117(_get_spec)
        1    0.000    0.000    0.251    0.251 Client.py:91(test)
       80    0.000    0.000    0.000    0.000 {built-in method builtins.getattr}
       13    0.000    0.000    0.000    0.000 <frozen importlib._bootstrap>:78(acquire)
      210    0.000    0.000    0.000    0.000 {method 'rstrip' of 'str' objects}
       71    0.000    0.000    0.000    0.000 {built-in method builtins.hasattr}
      113    0.000    0.000    0.000    0.000 <frozen importlib._bootstrap>:222(_verbose_message)
        1    0.000    0.000    0.002    0.002 hashlib.py:54(<module>)
       13    0.000    0.000    0.000    0.000 {built-in method builtins.print}
       12    0.000    0.000    0.000    0.000 Move.py:27(write_move)
       34    0.000    0.000    0.000    0.000 <frozen importlib._bootstrap_external>:75(_path_stat)
       13    0.000    0.000    0.000    0.000 <frozen importlib._bootstrap>:318(__exit__)
       13    0.000    0.000    0.000    0.000 {built-in method posix.getcwd}
       13    0.000    0.000    0.000    0.000 <frozen importlib._bootstrap>:103(release)
        1    0.000    0.000    0.000    0.000 {function Random.seed at 0x7ff07359f488}
       14    0.000    0.000    0.001    0.000 hashlib.py:116(__get_openssl_constructor)
       13    0.000    0.000    0.002    0.000 <frozen importlib._bootstrap>:564(module_from_spec)
     13/4    0.000    0.000    0.005    0.001 <frozen importlib._bootstrap>:936(_find_and_load_unlocked)
      112    0.000    0.000    0.000    0.000 {method 'join' of 'str' objects}
        8    0.000    0.000    0.000    0.000 <frozen importlib._bootstrap_external>:524(spec_from_file_location)
        7    0.000    0.000    0.000    0.000 <frozen importlib._bootstrap_external>:485(_compile_bytecode)
       73    0.000    0.000    0.000    0.000 {method 'rpartition' of 'str' objects}
        1    0.000    0.000    0.000    0.000 argparse.py:62(<module>)
      7/3    0.000    0.000    0.005    0.002 <frozen importlib._bootstrap_external>:672(exec_module)
       13    0.000    0.000    0.000    0.000 <frozen importlib._bootstrap>:176(cb)
       24    0.000    0.000    0.000    0.000 <frozen importlib._bootstrap_external>:1080(_path_importer_cache)
       13    0.000    0.000    0.000    0.000 <frozen importlib._bootstrap>:707(find_spec)
       14    0.000    0.000    0.000    0.000 <frozen importlib._bootstrap_external>:63(_path_split)
        5    0.000    0.000    0.000    0.000 <frozen importlib._bootstrap>:433(spec_from_loader)
       29    0.000    0.000    0.000    0.000 <frozen importlib._bootstrap>:847(__exit__)
       13    0.000    0.000    0.000    0.000 <frozen importlib._bootstrap>:147(__enter__)
     19/5    0.000    0.000    0.004    0.001 <frozen importlib._bootstrap>:211(_call_with_frames_removed)
        8    0.000    0.000    0.000    0.000 <frozen importlib._bootstrap_external>:361(_get_cached)
       13    0.000    0.000    0.000    0.000 {built-in method _imp.is_builtin}
       13    0.000    0.000    0.000    0.000 {built-in method builtins.any}
       13    0.000    0.000    0.000    0.000 <frozen importlib._bootstrap>:58(__init__)
       55    0.000    0.000    0.000    0.000 {built-in method _imp.acquire_lock}
      8/1    0.000    0.000    0.256    0.256 {built-in method builtins.exec}
        1    0.000    0.000    0.256    0.256 Client.py:2(<module>)
        8    0.000    0.000    0.001    0.000 <frozen importlib._bootstrap_external>:1149(find_spec)
       52    0.000    0.000    0.000    0.000 <frozen importlib._bootstrap>:321(<genexpr>)
       15    0.000    0.000    0.000    0.000 <frozen importlib._bootstrap>:403(cached)
       26    0.000    0.000    0.000    0.000 {built-in method _thread.allocate_lock}
       12    0.000    0.000    0.251    0.021 Evaluator.py:12(evaluate)
        8    0.000    0.000    0.001    0.000 hashlib.py:73(__get_builtin_constructor)
        8    0.000    0.000    0.000    0.000 <frozen importlib._bootstrap_external>:1228(_get_spec)
       13    0.000    0.000    0.000    0.000 <frozen importlib._bootstrap>:311(__enter__)
       13    0.000    0.000    0.000    0.000 <frozen importlib._bootstrap>:369(__init__)
       13    0.000    0.000    0.000    0.000 <frozen importlib._bootstrap>:416(parent)
       55    0.000    0.000    0.000    0.000 {built-in method _imp.release_lock}
       12    0.000    0.000    0.251    0.021 Client.py:23(find_best_move)
       14    0.000    0.000    0.000    0.000 <frozen importlib._bootstrap_external>:52(_r_long)
        8    0.000    0.000    0.000    0.000 <frozen importlib._bootstrap_external>:85(_path_is_mode_type)
       13    0.000    0.000    0.000    0.000 <frozen importlib._bootstrap>:151(__exit__)
       32    0.000    0.000    0.000    0.000 {built-in method builtins.isinstance}
        1    0.000    0.000    0.000    0.000 {built-in method math.exp}
       29    0.000    0.000    0.000    0.000 <frozen importlib._bootstrap>:843(__enter__)
       36    0.000    0.000    0.000    0.000 {method 'get' of 'dict' objects}
       26    0.000    0.000    0.000    0.000 {built-in method _thread.get_ident}
        1    0.000    0.000    0.000    0.000 argparse.py:159(HelpFormatter)
        1    0.000    0.000    0.000    0.000 random.py:71(Random)
        7    0.000    0.000    0.000    0.000 <frozen importlib._bootstrap_external>:840(path_stats)
        5    0.000    0.000    0.001    0.000 <frozen importlib._bootstrap>:728(create_module)
       16    0.000    0.000    0.000    0.000 <frozen importlib._bootstrap>:997(_handle_fromlist)
        7    0.000    0.000    0.000    0.000 <frozen importlib._bootstrap>:35(_new_module)
        1    0.000    0.000    0.000    0.000 random.py:96(seed)
        1    0.000    0.000    0.000    0.000 GameState.py:13(populate_bauern)
       13    0.000    0.000    0.000    0.000 <frozen importlib._bootstrap>:307(__init__)
        7    0.000    0.000    0.000    0.000 <frozen importlib._bootstrap_external>:393(_check_name_wrapper)
        9    0.000    0.000    0.000    0.000 {method 'endswith' of 'str' objects}
       14    0.000    0.000    0.000    0.000 {built-in method from_bytes}
        1    0.000    0.000    0.000    0.000 argparse.py:1594(ArgumentParser)
        1    0.000    0.000    0.000    0.000 bisect.py:1(<module>)
        1    0.000    0.000    0.000    0.000 Client.py:11(__init__)
        5    0.000    0.000    0.000    0.000 <frozen importlib._bootstrap>:736(exec_module)
        5    0.000    0.000    0.000    0.000 <frozen importlib._bootstrap>:232(_requires_builtin_wrapper)
        1    0.000    0.000    0.000    0.000 {method 'union' of 'set' objects}
        8    0.000    0.000    0.000    0.000 {built-in method _imp.is_frozen}
       22    0.000    0.000    0.000    0.000 {built-in method posix.fspath}
        1    0.000    0.000    0.000    0.000 argparse.py:1233(_ActionsContainer)
        7    0.000    0.000    0.000    0.000 <frozen importlib._bootstrap_external>:800(__init__)
        8    0.000    0.000    0.000    0.000 <frozen importlib._bootstrap_external>:94(_path_isfile)
       13    0.000    0.000    0.000    0.000 <frozen importlib._bootstrap>:143(__init__)
        1    0.000    0.000    0.000    0.000 {built-in method _hashlib.openssl_sha1}
        1    0.000    0.000    0.000    0.000 GameState.py:4(GameState)
        1    0.000    0.000    0.000    0.000 GameState.py:1(<module>)
        1    0.000    0.000    0.003    0.003 Evaluator.py:1(<module>)
        1    0.000    0.000    0.001    0.001 <frozen importlib._bootstrap_external>:919(create_module)
       19    0.000    0.000    0.000    0.000 <frozen importlib._bootstrap_external>:41(_relax_case)
        7    0.000    0.000    0.000    0.000 {built-in method _imp._fix_co_filename}
        1    0.000    0.000    0.000    0.000 {built-in method _hashlib.openssl_md5}
        1    0.000    0.000    0.000    0.000 argparse.py:1063(_SubParsersAction)
        1    0.000    0.000    0.000    0.000 <frozen importlib._bootstrap_external>:927(exec_module)
       13    0.000    0.000    0.000    0.000 <frozen importlib._bootstrap>:424(has_location)
        8    0.000    0.000    0.000    0.000 <frozen importlib._bootstrap>:780(find_spec)
       14    0.000    0.000    0.000    0.000 {built-in method builtins.globals}
        1    0.000    0.000    0.000    0.000 {built-in method _hashlib.openssl_sha224}
        1    0.000    0.000    0.000    0.000 Move.py:1(Move)
        1    0.000    0.000    0.000    0.000 argparse.py:751(Action)
        1    0.000    0.000    0.000    0.000 Evaluator.py:5(__init__)
        1    0.000    0.000    0.000    0.000 Client.py:10(Client)
        7    0.000    0.000    0.000    0.000 <frozen importlib._bootstrap_external>:825(get_filename)
        2    0.000    0.000    0.000    0.000 {built-in method math.log}
        1    0.000    0.000    0.000    0.000 {built-in method _hashlib.openssl_sha256}
        1    0.000    0.000    0.000    0.000 {built-in method _hashlib.openssl_sha384}
        1    0.000    0.000    0.000    0.000 {built-in method _hashlib.openssl_sha512}
        1    0.000    0.000    0.000    0.000 argparse.py:209(_Section)
        1    0.000    0.000    0.000    0.000 argparse.py:650(RawDescriptionHelpFormatter)
        1    0.000    0.000    0.000    0.000 argparse.py:672(ArgumentDefaultsHelpFormatter)
        1    0.000    0.000    0.000    0.000 argparse.py:742(ArgumentTypeError)
        1    0.000    0.000    0.000    0.000 argparse.py:842(_StoreAction)
        1    0.000    0.000    0.000    0.000 argparse.py:877(_StoreConstAction)
        1    0.000    0.000    0.000    0.000 argparse.py:900(_StoreTrueAction)
        1    0.000    0.000    0.000    0.000 argparse.py:917(_StoreFalseAction)
        1    0.000    0.000    0.000    0.000 argparse.py:934(_AppendAction)
        1    0.000    0.000    0.000    0.000 argparse.py:971(_AppendConstAction)
        1    0.000    0.000    0.000    0.000 argparse.py:1018(_HelpAction)
        1    0.000    0.000    0.000    0.000 argparse.py:1037(_VersionAction)
        1    0.000    0.000    0.000    0.000 argparse.py:1065(_ChoicesPseudoAction)
        1    0.000    0.000    0.000    0.000 argparse.py:1159(FileType)
        1    0.000    0.000    0.000    0.000 argparse.py:1213(Namespace)
        1    0.000    0.000    0.000    0.000 argparse.py:1540(_ArgumentGroup)
        1    0.000    0.000    0.000    0.000 argparse.py:1574(_MutuallyExclusiveGroup)
        1    0.000    0.000    0.000    0.000 Evaluator.py:3(Evaluator)
        1    0.000    0.000    0.000    0.000 random.py:87(__init__)
        1    0.000    0.000    0.000    0.000 random.py:668(SystemRandom)
        1    0.000    0.000    0.000    0.000 argparse.py:118(_AttributeHolder)
        1    0.000    0.000    0.000    0.000 {method 'disable' of '_lsprof.Profiler' objects}
        7    0.000    0.000    0.000    0.000 <frozen importlib._bootstrap_external>:669(create_module)
        1    0.000    0.000    0.000    0.000 <frozen importlib._bootstrap_external>:908(__init__)
        5    0.000    0.000    0.000    0.000 <frozen importlib._bootstrap>:753(is_package)
        1    0.000    0.000    0.000    0.000 {built-in method _imp.exec_dynamic}
        5    0.000    0.000    0.000    0.000 {built-in method _imp.exec_builtin}
        1    0.000    0.000    0.000    0.000 {built-in method math.sqrt}
        1    0.000    0.000    0.000    0.000 Move.py:1(<module>)
        1    0.000    0.000    0.000    0.000 argparse.py:661(RawTextHelpFormatter)
        1    0.000    0.000    0.000    0.000 argparse.py:689(MetavarTypeHelpFormatter)
        1    0.000    0.000    0.000    0.000 argparse.py:722(ArgumentError)
        1    0.000    0.000    0.000    0.000 argparse.py:997(_CountAction)


