0,0,0
1,3,0
0,1,0
2,3,0
1,0,0
2,2,-1
2,0,-1
3,3,0
3,0,0
pass
pass
result for white = 0
         1076643 function calls (1029514 primitive calls) in 1.047 seconds

   Ordered by: internal time

   ncalls  tottime  percall  cumtime  percall filename:lineno(function)
    84147    0.243    0.000    0.380    0.000 GameState.py:84(extract_all_moves)
 45016/11    0.098    0.000    0.973    0.088 Evaluator.py:15(default_evaluate)
    45029    0.071    0.000    0.071    0.000 GameState.py:52(is_game_won)
    45027    0.067    0.000    0.067    0.000 Move.py:10(is_passing)
    45006    0.063    0.000    0.063    0.000 GameState.py:65(__init__)
    74622    0.059    0.000    0.131    0.000 GameState.py:60(extractMove)
    36353    0.050    0.000    0.050    0.000 GameState.py:54(is_game_won_b)
    74622    0.040    0.000    0.040    0.000 GameState.py:11(delete_next_pawn)
    45005    0.031    0.000    0.093    0.000 GameState.py:112(clone)
    45029    0.030    0.000    0.156    0.000 GameState.py:150(game_is_finished)
    14359    0.027    0.000    0.251    0.000 GameState.py:89(list_all_legal_moves)
    13690    0.027    0.000    0.242    0.000 GameState.py:98(list_all_legal_moves_b)
    22691    0.019    0.000    0.067    0.000 GameState.py:120(applyMove)
    22325    0.018    0.000    0.066    0.000 GameState.py:133(applyMove_b)
    74622    0.018    0.000    0.018    0.000 GameState.py:9(extract_next_pawn)
    76822    0.015    0.000    0.015    0.000 Move.py:6(__init__)
    14359    0.014    0.000    0.014    0.000 GameState.py:14(get_turnmask_up)
    13690    0.013    0.000    0.013    0.000 GameState.py:16(get_turnmask_up_b)
      118    0.012    0.000    0.012    0.000 {built-in method marshal.loads}
    16753    0.011    0.000    0.011    0.000 GameState.py:27(move_up)
    16035    0.011    0.000    0.011    0.000 GameState.py:30(move_up_b)
    13690    0.007    0.000    0.007    0.000 GameState.py:24(get_turnmask_right_b)
    14359    0.007    0.000    0.007    0.000 GameState.py:22(get_turnmask_right)
    14359    0.007    0.000    0.007    0.000 GameState.py:18(get_turnmask_left)
    13690    0.007    0.000    0.007    0.000 GameState.py:20(get_turnmask_left_b)
    78461    0.007    0.000    0.007    0.000 {method 'append' of 'list' objects}
  314/312    0.005    0.000    0.008    0.000 {built-in method builtins.__build_class__}
       10    0.004    0.000    0.005    0.001 {built-in method _imp.create_dynamic}
    28901    0.004    0.000    0.004    0.000 GameState.py:56(is_game_draw)
29383/29351    0.003    0.000    0.003    0.000 {built-in method builtins.len}
    130/1    0.003    0.000    1.047    1.047 {built-in method builtins.exec}
     3094    0.002    0.000    0.002    0.000 GameState.py:47(move_right_b)
     2822    0.002    0.000    0.002    0.000 GameState.py:43(move_right)
      563    0.002    0.000    0.002    0.000 {built-in method posix.stat}
      240    0.002    0.000    0.007    0.000 <frozen importlib._bootstrap_external>:1233(find_spec)
     2138    0.002    0.000    0.002    0.000 GameState.py:38(move_left_b)
      124    0.002    0.000    0.003    0.000 <frozen importlib._bootstrap_external>:830(get_data)
        3    0.002    0.001    0.002    0.001 {built-in method builtins.compile}
     1972    0.002    0.000    0.002    0.000 GameState.py:34(move_left)
      124    0.001    0.000    0.001    0.000 {method 'read' of '_io.FileIO' objects}
      121    0.001    0.000    0.002    0.000 <frozen importlib._bootstrap_external>:430(_validate_bytecode_header)
     2412    0.001    0.000    0.001    0.000 {built-in method builtins.hasattr}
       13    0.001    0.000    0.001    0.000 {built-in method _imp.create_builtin}
     1302    0.001    0.000    0.002    0.000 <frozen importlib._bootstrap_external>:57(_path_join)
      149    0.001    0.000    0.011    0.000 <frozen importlib._bootstrap>:870(_find_spec)
     2092    0.001    0.000    0.001    0.000 {built-in method builtins.getattr}
      121    0.001    0.000    0.021    0.000 <frozen importlib._bootstrap_external>:743(get_code)
      329    0.001    0.000    0.001    0.000 <frozen importlib._bootstrap>:157(_get_module_lock)
      242    0.001    0.000    0.002    0.000 <frozen importlib._bootstrap_external>:263(cache_from_source)
     1302    0.001    0.000    0.001    0.000 <frozen importlib._bootstrap_external>:59(<listcomp>)
    153/4    0.001    0.000    0.073    0.018 <frozen importlib._bootstrap>:966(_find_and_load)
      329    0.001    0.000    0.001    0.000 <frozen importlib._bootstrap>:78(acquire)
    37/16    0.001    0.000    0.002    0.000 sre_parse.py:470(_parse)
      144    0.001    0.000    0.003    0.000 <frozen importlib._bootstrap>:504(_init_module_attrs)
      136    0.001    0.000    0.009    0.000 <frozen importlib._bootstrap_external>:1117(_get_spec)
    144/4    0.001    0.000    0.073    0.018 <frozen importlib._bootstrap>:651(_load_unlocked)
   776/46    0.001    0.000    0.064    0.001 <frozen importlib._bootstrap>:997(_handle_fromlist)
       29    0.001    0.000    0.001    0.000 sre_compile.py:250(_optimize_charset)
        1    0.001    0.001    0.002    0.002 pickle.py:24(<module>)
    153/4    0.001    0.000    0.073    0.018 <frozen importlib._bootstrap>:936(_find_and_load_unlocked)
      329    0.000    0.000    0.001    0.000 <frozen importlib._bootstrap>:103(release)
     3493    0.000    0.000    0.000    0.000 {built-in method builtins.isinstance}
    69/16    0.000    0.000    0.002    0.000 sre_compile.py:64(_compile)
     1733    0.000    0.000    0.001    0.000 {method 'join' of 'str' objects}
     1392    0.000    0.000    0.000    0.000 <frozen importlib._bootstrap>:222(_verbose_message)
     2866    0.000    0.000    0.000    0.000 {method 'rstrip' of 'str' objects}
      144    0.000    0.000    0.001    0.000 <frozen importlib._bootstrap>:318(__exit__)
      275    0.000    0.000    0.001    0.000 function_base.py:4519(add_newdoc)
       76    0.000    0.000    0.000    0.000 {built-in method __new__ of type object at 0x9ecf80}
       14    0.000    0.000    0.000    0.000 {built-in method posix.listdir}
      131    0.000    0.000    0.000    0.000 <frozen importlib._bootstrap_external>:524(spec_from_file_location)
    121/3    0.000    0.000    0.073    0.024 <frozen importlib._bootstrap_external>:672(exec_module)
      118    0.000    0.000    0.012    0.000 <frozen importlib._bootstrap_external>:485(_compile_bytecode)
      308    0.000    0.000    0.001    0.000 enum.py:803(__and__)
     1179    0.000    0.000    0.000    0.000 {method 'rpartition' of 'str' objects}
        5    0.000    0.000    0.097    0.019 __init__.py:1(<module>)
  144/142    0.000    0.000    0.010    0.000 <frozen importlib._bootstrap>:564(module_from_spec)
      680    0.000    0.000    0.000    0.000 enum.py:517(__new__)
      683    0.000    0.000    0.002    0.000 enum.py:267(__call__)
        3    0.000    0.000    0.001    0.000 enum.py:124(__new__)
      563    0.000    0.000    0.002    0.000 <frozen importlib._bootstrap_external>:75(_path_stat)
      280    0.000    0.000    0.001    0.000 <frozen importlib._bootstrap_external>:1080(_path_importer_cache)
      272    0.000    0.000    0.000    0.000 {method 'format' of 'str' objects}
    314/7    0.000    0.000    0.064    0.009 {built-in method builtins.__import__}
      131    0.000    0.000    0.001    0.000 <frozen importlib._bootstrap_external>:361(_get_cached)
        8    0.000    0.000    0.003    0.000 __init__.py:357(namedtuple)
      245    0.000    0.000    0.000    0.000 <frozen importlib._bootstrap_external>:63(_path_split)
        1    0.000    0.000    0.000    0.000 __init__.py:259(_reset_cache)
      681    0.000    0.000    0.000    0.000 sre_parse.py:232(__next)
      151    0.000    0.000    0.000    0.000 <frozen importlib._bootstrap>:58(__init__)
      131    0.000    0.000    0.001    0.000 <frozen importlib._bootstrap_external>:1228(_get_spec)
      176    0.000    0.000    0.001    0.000 <frozen importlib._bootstrap>:194(_lock_unlock_module)
       83    0.000    0.000    0.000    0.000 {built-in method posix.getcwd}
      322    0.000    0.000    0.000    0.000 <frozen importlib._bootstrap>:416(parent)
      151    0.000    0.000    0.000    0.000 <frozen importlib._bootstrap>:176(cb)
      153    0.000    0.000    0.001    0.000 <frozen importlib._bootstrap>:147(__enter__)
      199    0.000    0.000    0.001    0.000 <frozen importlib._bootstrap_external>:85(_path_is_mode_type)
   110/57    0.000    0.000    0.000    0.000 sre_parse.py:173(getwidth)
        3    0.000    0.000    0.000    0.000 {built-in method posix.replace}
        1    0.000    0.000    0.002    0.002 core.py:21(<module>)
      252    0.000    0.000    0.001    0.000 <frozen importlib._bootstrap>:403(cached)
      147    0.000    0.000    0.000    0.000 {built-in method builtins.any}
      121    0.000    0.000    0.000    0.000 <frozen importlib._bootstrap>:35(_new_module)
      121    0.000    0.000    0.000    0.000 <frozen importlib._bootstrap_external>:393(_check_name_wrapper)
      121    0.000    0.000    0.005    0.000 re.py:286(_compile)
      901    0.000    0.000    0.000    0.000 {built-in method _imp.acquire_lock}
        1    0.000    0.000    0.001    0.001 getlimits.py:3(<module>)
        1    0.000    0.000    0.002    0.002 numerictypes.py:82(<module>)
      901    0.000    0.000    0.000    0.000 {built-in method _imp.release_lock}
      136    0.000    0.000    0.009    0.000 <frozen importlib._bootstrap_external>:1149(find_spec)
      421    0.000    0.000    0.000    0.000 <frozen importlib._bootstrap>:847(__exit__)
      270    0.000    0.000    0.000    0.000 {built-in method numpy.core.multiarray.add_docstring}
      538    0.000    0.000    0.000    0.000 sre_parse.py:253(get)
      144    0.000    0.000    0.000    0.000 <frozen importlib._bootstrap>:311(__enter__)
      239    0.000    0.000    0.000    0.000 <frozen importlib._bootstrap_external>:52(_r_long)
       38    0.000    0.000    0.000    0.000 _inspect.py:142(formatargspec)
      150    0.000    0.000    0.000    0.000 <frozen importlib._bootstrap>:369(__init__)
      659    0.000    0.000    0.000    0.000 {built-in method _thread.get_ident}
        1    0.000    0.000    0.066    0.066 __init__.py:106(<module>)
       32    0.000    0.000    0.000    0.000 functools.py:44(update_wrapper)
       74    0.000    0.000    0.000    0.000 {built-in method numpy.core.multiarray.array}
      421    0.000    0.000    0.000    0.000 <frozen importlib._bootstrap>:843(__enter__)
    209/7    0.000    0.000    0.072    0.010 <frozen importlib._bootstrap>:211(_call_with_frames_removed)
       14    0.000    0.000    0.000    0.000 <frozen importlib._bootstrap_external>:1067(_path_hooks)
      576    0.000    0.000    0.000    0.000 <frozen importlib._bootstrap>:321(<genexpr>)
      278    0.000    0.000    0.000    0.000 {built-in method builtins.setattr}
      242    0.000    0.000    0.000    0.000 sre_parse.py:163(__getitem__)
       69    0.000    0.000    0.000    0.000 sre_parse.py:111(__init__)
       10    0.000    0.000    0.001    0.000 abc.py:132(__new__)
        1    0.000    0.000    0.004    0.004 numeric.py:1(<module>)
      121    0.000    0.000    0.001    0.000 <frozen importlib._bootstrap_external>:840(path_stats)
      408    0.000    0.000    0.000    0.000 {method 'get' of 'dict' objects}
      153    0.000    0.000    0.000    0.000 <frozen importlib._bootstrap>:151(__exit__)
      239    0.000    0.000    0.000    0.000 {built-in method from_bytes}
      181    0.000    0.000    0.001    0.000 <frozen importlib._bootstrap_external>:94(_path_isfile)
    33/16    0.000    0.000    0.002    0.000 sre_parse.py:407(_parse_sub)
       16    0.000    0.000    0.005    0.000 sre_compile.py:557(compile)
      270    0.000    0.000    0.000    0.000 {method 'strip' of 'str' objects}
        6    0.000    0.000    0.000    0.000 getlimits.py:65(__init__)
        2    0.000    0.000    0.000    0.000 shape_base.py:1(<module>)
        1    0.000    0.000    0.002    0.002 tokenize.py:21(<module>)
      153    0.000    0.000    0.000    0.000 <frozen importlib._bootstrap>:143(__init__)
      393    0.000    0.000    0.000    0.000 {built-in method posix.fspath}
       56    0.000    0.000    0.000    0.000 {built-in method _imp.is_builtin}
      307    0.000    0.000    0.000    0.000 {built-in method _thread.allocate_lock}
      118    0.000    0.000    0.000    0.000 {built-in method _imp._fix_co_filename}
       46    0.000    0.000    0.000    0.000 enum.py:70(__setitem__)
       16    0.000    0.000    0.002    0.000 sre_parse.py:844(parse)
      136    0.000    0.000    0.000    0.000 <frozen importlib._bootstrap>:780(find_spec)
        3    0.000    0.000    0.000    0.000 numeric.py:367(extend_all)
       38    0.000    0.000    0.000    0.000 _inspect.py:67(getargs)
        9    0.000    0.000    0.000    0.000 datetime.py:356(__new__)
     12/7    0.000    0.000    0.000    0.000 abc.py:196(__subclasscheck__)
       78    0.000    0.000    0.000    0.000 {method 'extend' of 'list' objects}
      149    0.000    0.000    0.000    0.000 <frozen importlib._bootstrap>:707(find_spec)
      121    0.000    0.000    0.000    0.000 <frozen importlib._bootstrap_external>:800(__init__)
       14    0.000    0.000    0.000    0.000 <frozen importlib._bootstrap_external>:1196(__init__)
        1    0.000    0.000    0.000    0.000 arraysetops.py:27(<module>)
       14    0.000    0.000    0.000    0.000 <frozen importlib._bootstrap_external>:1281(_fill_cache)
      144    0.000    0.000    0.000    0.000 <frozen importlib._bootstrap>:307(__init__)
        3    0.000    0.000    0.000    0.000 {built-in method posix.open}
      141    0.000    0.000    0.000    0.000 {method 'endswith' of 'str' objects}
        3    0.000    0.000    0.000    0.000 {built-in method marshal.dumps}
        1    0.000    0.000    0.000    0.000 ctypeslib.py:51(<module>)
        1    0.000    0.000    0.000    0.000 numerictypes.py:301(_add_aliases)
        1    0.000    0.000    0.005    0.005 pathlib.py:1(<module>)
        1    0.000    0.000    0.000    0.000 defchararray.py:1669(chararray)
        1    0.000    0.000    0.000    0.000 _compat_pickle.py:9(<module>)
       16    0.000    0.000    0.000    0.000 sre_compile.py:482(_compile_info)
       29    0.000    0.000    0.001    0.000 sre_compile.py:223(_compile_charset)
       61    0.000    0.000    0.000    0.000 enum.py:353(__setattr__)
       51    0.000    0.000    0.000    0.000 _internal.py:703(_ufunc_doc_signature_formatter)
        1    0.000    0.000    0.003    0.003 random.py:38(<module>)
        1    0.000    0.000    0.000    0.000 threading.py:566(Barrier)
       13    0.000    0.000    0.000    0.000 sre_compile.py:378(<listcomp>)
        2    0.000    0.000    0.000    0.000 function_base.py:1(<module>)
      136    0.000    0.000    0.000    0.000 {built-in method _imp.is_frozen}
       27    0.000    0.000    0.000    0.000 core.py:940(__init__)
       26    0.000    0.000    0.000    0.000 numerictypes.py:229(bitname)
        1    0.000    0.000    0.001    0.001 datetime.py:5(<module>)
        1    0.000    0.000    0.054    0.054 add_newdocs.py:10(<module>)
        3    0.000    0.000    0.000    0.000 enum.py:160(<setcomp>)
      107    0.000    0.000    0.000    0.000 sre_parse.py:285(tell)
       40    0.000    0.000    0.000    0.000 _weakrefset.py:36(__init__)
      102    0.000    0.000    0.000    0.000 {method 'match' of '_sre.SRE_Pattern' objects}
       19    0.000    0.000    0.000    0.000 nosetester.py:152(__init__)
      364    0.000    0.000    0.000    0.000 {method 'startswith' of 'str' objects}
       43    0.000    0.000    0.000    0.000 core.py:143(get_object_signature)
      206    0.000    0.000    0.000    0.000 sre_parse.py:248(match)
      156    0.000    0.000    0.000    0.000 {built-in method builtins.min}
        3    0.000    0.000    0.000    0.000 tokenize.py:137(_all_string_prefixes)
        1    0.000    0.000    0.973    0.973 Client.py:92(test)
      157    0.000    0.000    0.000    0.000 sre_parse.py:171(append)
        1    0.000    0.000    0.000    0.000 extras.py:10(<module>)
        1    0.000    0.000    0.002    0.002 __init__.py:24(<module>)
       19    0.000    0.000    0.000    0.000 posixpath.py:154(dirname)
        1    0.000    0.000    0.002    0.002 parse.py:28(<module>)
        1    0.000    0.000    0.004    0.004 __init__.py:41(<module>)
        1    0.000    0.000    0.005    0.005 utils.py:4(<module>)
        1    0.000    0.000    0.000    0.000 fnmatch.py:11(<module>)
      287    0.000    0.000    0.000    0.000 {method 'add' of 'set' objects}
        3    0.000    0.000    0.000    0.000 {method 'write' of '_io.FileIO' objects}
        3    0.000    0.000    0.000    0.000 <frozen importlib._bootstrap_external>:106(_write_atomic)
       16    0.000    0.000    0.002    0.000 sre_compile.py:542(_code)
        1    0.000    0.000    0.000    0.000 core.py:2731(MaskedArray)
       26    0.000    0.000    0.000    0.000 core.py:6498(getdoc)
        2    0.000    0.000    0.014    0.007 __init__.py:45(<module>)
        2    0.000    0.000    0.000    0.000 {built-in method _ctypes.POINTER}
        1    0.000    0.000    0.000    0.000 numerictypes.py:285(_add_types)
        3    0.000    0.000    0.001    0.000 enum.py:366(_create_)
       43    0.000    0.000    0.000    0.000 _inspect.py:98(getargspec)
       32    0.000    0.000    0.000    0.000 enum.py:797(__or__)
       98    0.000    0.000    0.000    0.000 _inspect.py:133(strseq)
        1    0.000    0.000    0.002    0.002 shutil.py:5(<module>)
      102    0.000    0.000    0.000    0.000 re.py:169(match)
       14    0.000    0.000    0.000    0.000 <frozen importlib._bootstrap_external>:1322(path_hook_for_FileFinder)
      308    0.000    0.000    0.000    0.000 {built-in method builtins.chr}
        3    0.000    0.000    0.000    0.000 enum.py:625(<listcomp>)
       30    0.000    0.000    0.000    0.000 sre_compile.py:388(_simple)
      111    0.000    0.000    0.000    0.000 {method 'find' of 'bytearray' objects}
       13    0.000    0.000    0.000    0.000 sre_compile.py:376(_mk_bitmap)
      361    0.000    0.000    0.000    0.000 {built-in method builtins.globals}
  119/106    0.000    0.000    0.000    0.000 {built-in method builtins.issubclass}
       73    0.000    0.000    0.000    0.000 signal.py:10(<lambda>)
        1    0.000    0.000    0.014    0.014 _internal.py:6(<module>)
        4    0.000    0.000    0.000    0.000 enum.py:839(_decompose)
      240    0.000    0.000    0.000    0.000 <frozen importlib._bootstrap_external>:41(_relax_case)
        1    0.000    0.000    0.000    0.000 fromnumeric.py:3(<module>)
        1    0.000    0.000    0.002    0.002 hashlib.py:54(<module>)
       16    0.000    0.000    0.000    0.000 sre_parse.py:223(__init__)
       13    0.000    0.000    0.000    0.000 <frozen importlib._bootstrap>:433(spec_from_loader)
        1    0.000    0.000    0.001    0.001 arrayprint.py:5(<module>)
       10    0.000    0.000    0.006    0.001 <frozen importlib._bootstrap_external>:919(create_module)
        1    0.000    0.000    0.001    0.001 __init__.py:88(<module>)
        1    0.000    0.000    0.001    0.001 npyio.py:1(<module>)
       19    0.000    0.000    0.000    0.000 nosetester.py:518(_numpy_tester)
        1    0.000    0.000    0.001    0.001 signal.py:1(<module>)
       30    0.000    0.000    0.000    0.000 {method 'copy' of 'numpy.ndarray' objects}
       10    0.000    0.000    0.000    0.000 abc.py:135(<setcomp>)
       52    0.000    0.000    0.000    0.000 {method 'update' of 'dict' objects}
        1    0.000    0.000    0.000    0.000 numerictypes.py:120(<listcomp>)
        1    0.000    0.000    0.001    0.001 ntpath.py:6(<module>)
       13    0.000    0.000    0.000    0.000 sre_parse.py:342(_escape)
      112    0.000    0.000    0.000    0.000 {method 'translate' of 'str' objects}
       18    0.000    0.000    0.000    0.000 core.py:1021(__init__)
        1    0.000    0.000    0.002    0.002 index_tricks.py:1(<module>)
       23    0.000    0.000    0.000    0.000 numerictypes.py:216(_evalname)
        7    0.000    0.000    0.000    0.000 {method 'sort' of 'list' objects}
       16    0.000    0.000    0.000    0.000 {built-in method _sre.compile}
        1    0.000    0.000    0.000    0.000 threading.py:1(<module>)
        1    0.000    0.000    0.005    0.005 case.py:1(<module>)
       30    0.000    0.000    0.000    0.000 getlimits.py:26(_fr1)
        3    0.000    0.000    0.000    0.000 enum.py:857(<listcomp>)
       74    0.000    0.000    0.000    0.000 types.py:135(__get__)
       19    0.000    0.000    0.000    0.000 _weakrefset.py:58(__iter__)
      121    0.000    0.000    0.000    0.000 <frozen importlib._bootstrap_external>:825(get_filename)
       68    0.000    0.000    0.000    0.000 {built-in method builtins.repr}
       12    0.000    0.000    0.000    0.000 ctypeslib.py:338(prep_simple)
       14    0.000    0.000    0.000    0.000 __init__.py:139(_check_size)
        1    0.000    0.000    0.000    0.000 defchararray.py:17(<module>)
        1    0.000    0.000    0.000    0.000 pathlib.py:107(_WindowsFlavour)
       11    0.000    0.000    0.000    0.000 Move.py:38(write_move)
        3    0.000    0.000    0.001    0.000 enum.py:604(_convert)
        1    0.000    0.000    0.000    0.000 mixins.py:63(NDArrayOperatorsMixin)
      112    0.000    0.000    0.000    0.000 <frozen importlib._bootstrap_external>:1202(<genexpr>)
        1    0.000    0.000    0.000    0.000 numerictypes.py:781(_construct_lookups)
        1    0.000    0.000    0.000    0.000 _inspect.py:7(<module>)
        1    0.000    0.000    0.007    0.007 py3k.py:4(<module>)
        1    0.000    0.000    0.000    0.000 scimath.py:17(<module>)
       12    0.000    0.000    0.000    0.000 {built-in method builtins.print}
        1    0.000    0.000    0.000    0.000 {function Random.seed at 0x7fab171e4488}
        1    0.000    0.000    0.001    0.001 linalg.py:10(<module>)
        1    0.000    0.000    0.001    0.001 utils.py:1(<module>)
       78    0.000    0.000    0.000    0.000 _internal.py:714(<genexpr>)
        1    0.000    0.000    0.008    0.008 __init__.py:10(<module>)
       16    0.000    0.000    0.000    0.000 sre_parse.py:828(fix_flags)
       97    0.000    0.000    0.000    0.000 sre_parse.py:159(__len__)
        8    0.000    0.000    0.000    0.000 sre_parse.py:266(getuntil)
       61    0.000    0.000    0.000    0.000 {method 'get' of 'mappingproxy' objects}
        1    0.000    0.000    0.000    0.000 pickle.py:181(<listcomp>)
        1    0.000    0.000    0.000    0.000 argparse.py:62(<module>)
        1    0.000    0.000    0.000    0.000 ast.py:26(<module>)
       40    0.000    0.000    0.000    0.000 enum.py:20(_is_descriptor)
       11    0.000    0.000    0.000    0.000 sre_parse.py:84(opengroup)
       37    0.000    0.000    0.000    0.000 __init__.py:422(<genexpr>)
      144    0.000    0.000    0.000    0.000 <frozen importlib._bootstrap>:424(has_location)
        1    0.000    0.000    0.000    0.000 {built-in method builtins.dir}
        1    0.000    0.000    0.003    0.003 __init__.py:15(<module>)
        1    0.000    0.000    0.001    0.001 polynomial.py:56(<module>)
        1    0.000    0.000    0.000    0.000 lzma.py:9(<module>)
       30    0.000    0.000    0.000    0.000 getlimits.py:70(<lambda>)
        1    0.000    0.000    0.018    0.018 __init__.py:7(<module>)
       60    0.000    0.000    0.000    0.000 _inspect.py:146(<lambda>)
        5    0.000    0.000    0.000    0.000 warnings.py:159(_add_filter)
       26    0.000    0.000    0.000    0.000 core.py:6493(__init__)
        1    0.000    0.000    0.000    0.000 hermite.py:59(<module>)
        1    0.000    0.000    0.000    0.000 chebyshev.py:87(<module>)
        1    0.000    0.000    0.002    0.002 polynomial.py:4(<module>)
        1    0.000    0.000    0.000    0.000 case.py:341(TestCase)
        1    0.000    0.000    0.000    0.000 token.py:74(<dictcomp>)
       30    0.000    0.000    0.000    0.000 numerictypes.py:443(_add_array_type)
       21    0.000    0.000    0.000    0.000 {built-in method numpy.core.multiarray.empty}
       46    0.000    0.000    0.000    0.000 enum.py:28(_is_dunder)
       84    0.000    0.000    0.000    0.000 sre_compile.py:102(fixup)
       10    0.000    0.000    0.000    0.000 <frozen importlib._bootstrap_external>:927(exec_module)
      183    0.000    0.000    0.000    0.000 {built-in method builtins.ord}
        1    0.000    0.000    0.000    0.000 pickle.py:986(_Unpickler)
        1    0.000    0.000    0.000    0.000 numeric.py:374(<listcomp>)
        1    0.000    0.000    0.000    0.000 _endian.py:1(<module>)
       72    0.000    0.000    0.000    0.000 numerictypes.py:127(english_lower)
       14    0.000    0.000    0.001    0.000 hashlib.py:116(__get_openssl_constructor)
        4    0.000    0.000    0.000    0.000 enum.py:767(_create_pseudo_member_)
       13    0.000    0.000    0.001    0.000 <frozen importlib._bootstrap>:728(create_module)
      164    0.000    0.000    0.000    0.000 {built-in method _sre.getlower}
        1    0.000    0.000    0.000    0.000 laguerre.py:59(<module>)
        1    0.000    0.000    0.000    0.000 _polybase.py:19(ABCPolyBase)
        6    0.000    0.000    0.000    0.000 numeric.py:2667(seterr)
        1    0.000    0.000    0.000    0.000 numerictypes.py:338(_add_integer_aliases)
       10    0.000    0.000    0.000    0.000 pathlib.py:384(_wrap_strfunc)
        1    0.000    0.000    0.043    0.043 type_check.py:3(<module>)
        9    0.000    0.000    0.000    0.000 enum.py:419(_get_mixins_)
       54    0.000    0.000    0.000    0.000 sre_parse.py:81(groups)
      121    0.000    0.000    0.000    0.000 <frozen importlib._bootstrap_external>:669(create_module)
        1    0.000    0.000    0.000    0.000 hermite_e.py:59(<module>)
        1    0.000    0.000    0.000    0.000 legendre.py:83(<module>)
        1    0.000    0.000    0.000    0.000 tempfile.py:24(<module>)
        9    0.000    0.000    0.000    0.000 Move.py:19(get_x)
       16    0.000    0.000    0.000    0.000 sre_parse.py:76(__init__)
        3    0.000    0.000    0.000    0.000 <frozen importlib._bootstrap_external>:850(set_data)
       13    0.000    0.000    0.000    0.000 <frozen importlib._bootstrap>:736(exec_module)
        1    0.000    0.000    0.000    0.000 fftpack.py:32(<module>)
        1    0.000    0.000    0.000    0.000 _iotools.py:3(<module>)
        1    0.000    0.000    0.001    0.001 loader.py:1(<module>)
        1    0.000    0.000    0.000    0.000 pprint.py:98(PrettyPrinter)
        1    0.000    0.000    0.000    0.000 records.py:36(<module>)
        5    0.000    0.000    0.000    0.000 getlimits.py:507(__init__)
       43    0.000    0.000    0.000    0.000 _inspect.py:15(ismethod)
        1    0.000    0.000    0.000    0.000 twodim_base.py:3(<module>)
        1    0.000    0.000    0.001    0.001 defmatrix.py:1(<module>)
       46    0.000    0.000    0.000    0.000 enum.py:36(_is_sunder)
        3    0.000    0.000    0.000    0.000 <frozen importlib._bootstrap_external>:497(_code_to_bytecode)
        9    0.000    0.000    0.000    0.000 extras.py:242(getdoc)
        1    0.000    0.000    0.000    0.000 _iotools.py:474(StringConverter)
        3    0.000    0.000    0.000    0.000 utils.py:74(__call__)
       40    0.000    0.000    0.000    0.000 numerictypes.py:154(english_upper)
        1    0.000    0.000    0.000    0.000 numerictypes.py:379(_set_up_aliases)
        1    0.000    0.000    0.000    0.000 numerictypes.py:428(_construct_char_code_lookup)
        1    0.000    0.000    0.000    0.000 numerictypes.py:451(_set_array_types)
        3    0.000    0.000    0.000    0.000 enum.py:464(_find_new_)
        6    0.000    0.000    0.000    0.000 contextlib.py:129(contextmanager)
       54    0.000    0.000    0.000    0.000 abc.py:9(abstractmethod)
       11    0.000    0.000    0.000    0.000 _weakrefset.py:26(__exit__)
       19    0.000    0.000    0.000    0.000 _weakrefset.py:81(add)
       13    0.000    0.000    0.000    0.000 <frozen importlib._bootstrap>:232(_requires_builtin_wrapper)
       13    0.000    0.000    0.000    0.000 {method 'translate' of 'bytearray' objects}
        9    0.000    0.000    0.000    0.000 core.py:2569(_arraymethod)
        1    0.000    0.000    0.000    0.000 format.py:149(<module>)
       24    0.000    0.000    0.000    0.000 tokenize.py:148(<listcomp>)
        1    0.000    0.000    0.000    0.000 memmap.py:1(<module>)
        1    0.000    0.000    0.000    0.000 numbers.py:6(<module>)
        1    0.000    0.000    0.000    0.000 pathlib.py:602(PurePath)
        3    0.000    0.000    0.000    0.000 __init__.py:73(CFUNCTYPE)
       19    0.000    0.000    0.005    0.000 re.py:231(compile)
        4    0.000    0.000    0.001    0.000 warnings.py:119(filterwarnings)
       30    0.000    0.000    0.000    0.000 functools.py:74(wraps)
       18    0.000    0.000    0.000    0.000 {built-in method math.log2}
        1    0.000    0.000    0.000    0.000 _polybase.py:8(<module>)
        1    0.000    0.000    0.001    0.001 bz2.py:5(<module>)
        1    0.000    0.000    0.002    0.002 main.py:1(<module>)
        1    0.000    0.000    0.000    0.000 pprint.py:35(<module>)
        1    0.000    0.000    0.001    0.001 difflib.py:27(<module>)
       12    0.000    0.000    0.000    0.000 mixins.py:48(_numeric_methods)
       11    0.000    0.000    0.000    0.000 sre_parse.py:96(closegroup)
       37    0.000    0.000    0.000    0.000 __init__.py:420(<genexpr>)
       15    0.000    0.000    0.000    0.000 _weakrefset.py:70(__contains__)
       18    0.000    0.000    0.000    0.000 {built-in method _struct.calcsize}
        6    0.000    0.000    0.000    0.000 core.py:1174(__init__)
       36    0.000    0.000    0.000    0.000 getlimits.py:69(<lambda>)
        1    0.000    0.000    0.000    0.000 _methods.py:5(<module>)
        7    0.000    0.000    0.000    0.000 {built-in method numpy.core.umath.seterrobj}
        1    0.000    0.000    0.000    0.000 pathlib.py:382(_NormalAccessor)
       11    0.000    0.000    0.973    0.088 Evaluator.py:12(evaluate)
        1    0.000    0.000    1.047    1.047 Client.py:1(<module>)
        1    0.000    0.000    0.000    0.000 defmatrix.py:174(matrix)
       11    0.000    0.000    0.973    0.088 Client.py:22(find_best_move)
       19    0.000    0.000    0.000    0.000 enum.py:822(_high_bit)
       32    0.000    0.000    0.000    0.000 sre_compile.py:539(isstring)
        7    0.000    0.000    0.000    0.000 abc.py:151(register)
       15    0.000    0.000    0.000    0.000 {method 'replace' of 'str' objects}
       45    0.000    0.000    0.000    0.000 {method 'isidentifier' of 'str' objects}
       42    0.000    0.000    0.000    0.000 {method 'pop' of 'dict' objects}
       72    0.000    0.000    0.000    0.000 {built-in method builtins.abs}
       45    0.000    0.000    0.000    0.000 {built-in method builtins.divmod}
        1    0.000    0.000    0.000    0.000 legendre.py:1790(Legendre)
        3    0.000    0.000    0.000    0.000 utils.py:118(deprecate)
        1    0.000    0.000    0.000    0.000 threading.py:738(Thread)
        1    0.000    0.000    0.001    0.001 string.py:15(<module>)
        1    0.000    0.000    0.000    0.000 token.py:1(<module>)
        1    0.000    0.000    0.000    0.000 einsumfunc.py:4(<module>)
        1    0.000    0.000    0.003    0.003 result.py:1(<module>)
       85    0.000    0.000    0.000    0.000 _compat_pickle.py:167(<genexpr>)
        6    0.000    0.000    0.000    0.000 numeric.py:2767(geterr)
       38    0.000    0.000    0.000    0.000 _inspect.py:43(iscode)
        1    0.000    0.000    0.000    0.000 datetime.py:1381(datetime)
        3    0.000    0.000    0.000    0.000 enum.py:114(__prepare__)
      8/6    0.000    0.000    0.000    0.000 sre_compile.py:414(_get_literal_prefix)
       18    0.000    0.000    0.000    0.000 <frozen importlib._bootstrap_external>:99(_path_isdir)
        1    0.000    0.000    0.000    0.000 {built-in method math.exp}
        8    0.000    0.000    0.000    0.000 core.py:7973(__init__)
        8    0.000    0.000    0.000    0.000 core.py:7978(getdoc)
        1    0.000    0.000    0.000    0.000 polyutils.py:45(<module>)
        1    0.000    0.000    0.000    0.000 arraypad.py:5(<module>)
        1    0.000    0.000    0.000    0.000 nosetester.py:6(<module>)
        1    0.000    0.000    0.000    0.000 suite.py:1(<module>)
        1    0.000    0.000    0.001    0.001 string.py:65(__init__)
        1    0.000    0.000    0.002    0.002 traceback.py:1(<module>)
        3    0.000    0.000    0.000    0.000 numeric.py:3064(__enter__)
        1    0.000    0.000    0.000    0.000 pickle.py:345(_Pickler)
       50    0.000    0.000    0.000    0.000 {built-in method _ctypes.sizeof}
        1    0.000    0.000    0.000    0.000 numbers.py:32(Complex)
        1    0.000    0.000    0.000    0.000 <string>:5(ParseResult)
       27    0.000    0.000    0.000    0.000 pathlib.py:119(<genexpr>)
        1    0.000    0.000    0.000    0.000 datetime.py:1034(time)
        9    0.000    0.000    0.000    0.000 Move.py:22(get_y)
        1    0.000    0.000    0.000    0.000 __future__.py:48(<module>)
        1    0.000    0.000    0.000    0.000 _import_tools.py:1(<module>)
        8    0.000    0.000    0.001    0.000 hashlib.py:73(__get_builtin_constructor)
        1    0.000    0.000    0.001    0.001 __init__.py:3(<module>)
        1    0.000    0.000    0.000    0.000 nanfunctions.py:21(<module>)
        3    0.000    0.000    0.000    0.000 enum.py:135(<dictcomp>)
        2    0.000    0.000    0.000    0.000 functools.py:479(decorating_function)
       11    0.000    0.000    0.000    0.000 _weakrefset.py:20(__enter__)
       37    0.000    0.000    0.000    0.000 {method '__contains__' of 'frozenset' objects}
        9    0.000    0.000    0.000    0.000 {built-in method builtins.round}
       27    0.000    0.000    0.000    0.000 {built-in method sys._getframe}
        1    0.000    0.000    0.000    0.000 hermite.py:1810(Hermite)
        1    0.000    0.000    0.000    0.000 helper.py:4(<module>)
        1    0.000    0.000    0.000    0.000 polynomial.py:939(poly1d)
        1    0.000    0.000    0.000    0.000 _datasource.py:35(<module>)
        1    0.000    0.000    0.000    0.000 ufunclike.py:5(<module>)
        1    0.000    0.000    0.002    0.002 runner.py:1(<module>)
        1    0.000    0.000    0.005    0.005 decorators.py:15(<module>)
        1    0.000    0.000    0.000    0.000 <string>:5(TokenInfo)
        1    0.000    0.000    0.000    0.000 util.py:1(<module>)
        1    0.000    0.000    0.000    0.000 numbers.py:147(Real)
        1    0.000    0.000    0.000    0.000 <string>:5(SplitResult)
        1    0.000    0.000    0.000    0.000 _internal.py:240(_ctypes)
       43    0.000    0.000    0.000    0.000 _inspect.py:28(isfunction)
       35    0.000    0.000    0.000    0.000 datetime.py:262(_check_int_field)
        1    0.000    0.000    0.000    0.000 datetime.py:337(timedelta)
        1    0.000    0.000    0.000    0.000 datetime.py:659(date)
        1    0.000    0.000    0.000    0.000 random.py:71(Random)
       25    0.000    0.000    0.000    0.000 enum.py:874(_power_of_two)
        2    0.000    0.000    0.000    0.000 sre_compile.py:381(_bytes_to_codes)
       30    0.000    0.000    0.000    0.000 sre_parse.py:167(__setitem__)
        1    0.000    0.000    0.000    0.000 weakref.py:102(__init__)
        3    0.000    0.000    0.000    0.000 os.py:664(__getitem__)
        6    0.000    0.000    0.000    0.000 <frozen importlib._bootstrap_external>:47(_w_long)
       20    0.000    0.000    0.000    0.000 {method 'keys' of 'dict' objects}
       35    0.000    0.000    0.000    0.000 {method 'items' of 'dict' objects}
        2    0.000    0.000    0.000    0.000 {built-in method posix.putenv}
        2    0.000    0.000    0.000    0.000 core.py:6370(__init__)
        9    0.000    0.000    0.000    0.000 extras.py:238(__init__)
        1    0.000    0.000    0.000    0.000 financial.py:10(<module>)
        3    0.000    0.000    0.000    0.000 ufunclike.py:14(_deprecate_out_named_y)
        1    0.000    0.000    0.000    0.000 <string>:5(usage)
        1    0.000    0.000    0.000    0.000 <string>:1(<module>)
        1    0.000    0.000    0.001    0.001 signals.py:1(<module>)
        1    0.000    0.000    0.000    0.000 pathlib.py:984(Path)
        1    0.000    0.000    0.000    0.000 <string>:5(DefragResult)
        2    0.000    0.000    0.000    0.000 datetime.py:1059(__new__)
        3    0.000    0.000    0.000    0.000 datetime.py:1389(__new__)
        1    0.000    0.000    0.000    0.000 datetime.py:1991(timezone)
        1    0.000    0.000    0.000    0.000 random.py:96(seed)
       70    0.000    0.000    0.000    0.000 enum.py:594(name)
        1    0.000    0.000    0.000    0.000 enum.py:850(<listcomp>)
       19    0.000    0.000    0.000    0.000 posixpath.py:41(_get_sep)
        3    0.000    0.000    0.002    0.001 <frozen importlib._bootstrap_external>:735(source_to_code)
        7    0.000    0.000    0.000    0.000 {method 'split' of 'str' objects}
       19    0.000    0.000    0.000    0.000 {method 'rfind' of 'str' objects}
        9    0.000    0.000    0.000    0.000 {method 'extend' of 'bytearray' objects}
        1    0.000    0.000    0.000    0.000 hermite_e.py:1807(HermiteE)
        1    0.000    0.000    0.000    0.000 laguerre.py:1760(Laguerre)
        4    0.000    0.000    0.000    0.000 core.py:124(doc_note)
        1    0.000    0.000    0.000    0.000 arrayterator.py:9(<module>)
        1    0.000    0.000    0.000    0.000 linalg.py:76(_determine_error_states)
       74    0.000    0.000    0.000    0.000 signal.py:17(<lambda>)
        1    0.000    0.000    0.000    0.000 threading.py:893(_set_tstate_lock)
        1    0.000    0.000    0.000    0.000 <string>:5(Match)
        1    0.000    0.000    0.002    0.002 linecache.py:6(<module>)
       20    0.000    0.000    0.000    0.000 tokenize.py:112(group)
        1    0.000    0.000    0.000    0.000 <string>:5(Mismatch)
        1    0.000    0.000    0.000    0.000 machar.py:7(<module>)
        1    0.000    0.000    0.000    0.000 result.py:24(TestResult)
        1    0.000    0.000    0.000    0.000 numbers.py:267(Rational)
        1    0.000    0.000    0.000    0.000 numeric.py:3075(_setdef)
       14    0.000    0.000    0.000    0.000 numerictypes.py:181(english_capitalize)
       27    0.000    0.000    0.000    0.000 pathlib.py:120(<genexpr>)
        5    0.000    0.000    0.000    0.000 datetime.py:292(_check_time_fields)
        1    0.000    0.000    0.067    0.067 Move.py:1(<module>)
        1    0.000    0.000    0.000    0.000 GameState.py:78(populate_bauern)
        1    0.000    0.000    0.000    0.000 argparse.py:159(HelpFormatter)
        1    0.000    0.000    0.000    0.000 argparse.py:1594(ArgumentParser)
        8    0.000    0.000    0.000    0.000 sre_parse.py:294(_class_escape)
        2    0.000    0.000    0.000    0.000 os.py:672(__setitem__)
        2    0.000    0.000    0.000    0.000 os.py:678(__delitem__)
        9    0.000    0.000    0.000    0.000 {method 'encode' of 'str' objects}
       36    0.000    0.000    0.000    0.000 {method 'upper' of 'str' objects}
        2    0.000    0.000    0.000    0.000 {method 'tolist' of 'memoryview' objects}
       19    0.000    0.000    0.000    0.000 {method 'bit_length' of 'int' objects}
        2    0.000    0.000    0.000    0.000 {built-in method posix.unsetenv}
        1    0.000    0.000    0.000    0.000 core.py:6046(mvoid)
        1    0.000    0.000    0.000    0.000 chebyshev.py:2036(Chebyshev)
        1    0.000    0.000    0.000    0.000 _version.py:7(<module>)
        1    0.000    0.000    0.000    0.000 lzma.py:38(LZMAFile)
        1    0.000    0.000    0.000    0.000 <string>:5(_LoggingWatcher)
       75    0.000    0.000    0.000    0.000 signal.py:22(<lambda>)
        1    0.000    0.000    0.000    0.000 threading.py:757(__init__)
        1    0.000    0.000    0.000    0.000 threading.py:1190(__init__)
        1    0.000    0.000    0.000    0.000 __init__.py:762(Handler)
        1    0.000    0.000    0.000    0.000 __init__.py:1590(LoggerAdapter)
        1    0.000    0.000    0.000    0.000 numbers.py:294(Integral)
        1    0.000    0.000    0.000    0.000 __init__.py:332(__init__)
        3    0.000    0.000    0.000    0.000 __init__.py:476(PYFUNCTYPE)
       14    0.000    0.000    0.000    0.000 {built-in method numpy.core.umath.geterrobj}
        1    0.000    0.000    0.000    0.000 _globals.py:17(<module>)
        1    0.000    0.000    0.000    0.000 __config__.py:3(<module>)
        1    0.000    0.000    0.000    0.000 GameState.py:7(GameState)
        1    0.000    0.000    0.067    0.067 GameState.py:1(<module>)
        1    0.000    0.000    0.000    0.000 argparse.py:1233(_ActionsContainer)
        1    0.000    0.000    0.000    0.000 bisect.py:1(<module>)
        1    0.000    0.000    0.000    0.000 stride_tricks.py:7(<module>)
        1    0.000    0.000    0.000    0.000 mixins.py:1(<module>)
        2    0.000    0.000    0.000    0.000 sre_parse.py:784(_parse_flags)
        4    0.000    0.000    0.000    0.000 enum.py:760(_missing_)
        5    0.000    0.000    0.000    0.000 sre_compile.py:441(_get_charset_prefix)
        9    0.000    0.000    0.000    0.000 os.py:742(encode)
        3    0.000    0.000    0.000    0.000 <frozen importlib._bootstrap_external>:845(_cache_bytecode)
        3    0.000    0.000    0.000    0.000 <frozen importlib._bootstrap_external>:373(_calc_mode)
       40    0.000    0.000    0.000    0.000 {method 'items' of 'collections.OrderedDict' objects}
       73    0.000    0.000    0.000    0.000 {method 'isupper' of 'str' objects}
        1    0.000    0.000    0.000    0.000 {method 'union' of 'set' objects}
        7    0.000    0.000    0.000    0.000 {method 'remove' of 'list' objects}
       10    0.000    0.000    0.000    0.000 {built-in method _imp.exec_dynamic}
       13    0.000    0.000    0.000    0.000 {built-in method _imp.exec_builtin}
        7    0.000    0.000    0.000    0.000 {built-in method _warnings._filters_mutated}
        1    0.000    0.000    0.000    0.000 polynomial.py:1601(Polynomial)
        1    0.000    0.000    0.000    0.000 _iotools.py:251(NameValidator)
        1    0.000    0.000    0.000    0.000 _datasource.py:154(DataSource)
        1    0.000    0.000    0.000    0.000 tempfile.py:770(SpooledTemporaryFile)
        3    0.000    0.000    0.000    0.000 index_tricks.py:241(__init__)
        1    0.000    0.000    0.000    0.000 bz2.py:32(BZ2File)
        1    0.000    0.000    0.000    0.000 loader.py:66(TestLoader)
        1    0.000    0.000    0.000    0.000 threading.py:215(__init__)
        1    0.000    0.000    0.000    0.000 threading.py:334(notify)
        1    0.000    0.000    0.000    0.000 threading.py:512(set)
        1    0.000    0.000    0.000    0.000 __init__.py:471(__init__)
        1    0.000    0.000    0.000    0.000 string.py:55(_TemplateMetaclass)
        1    0.000    0.000    0.000    0.000 machar.py:17(MachAr)
        2    0.000    0.000    0.000    0.000 getlimits.py:532(max)
        3    0.000    0.000    0.000    0.000 numeric.py:3060(__init__)
        1    0.000    0.000    0.000    0.000 numerictypes.py:957(_register_types)
        2    0.000    0.000    0.000    0.000 pathlib.py:390(_wrap_binary_strfunc)
        5    0.000    0.000    0.000    0.000 datetime.py:279(_check_date_fields)
        1    0.000    0.000    0.000    0.000 {built-in method _hashlib.openssl_sha1}
        1    0.000    0.000    0.000    0.000 Client.py:10(__init__)
        1    0.000    0.000    0.000    0.000 re.py:249(escape)
        3    0.000    0.000    0.000    0.000 enum.py:65(__init__)
        3    0.000    0.000    0.000    0.000 enum.py:312(__getattr__)
       40    0.000    0.000    0.000    0.000 enum.py:630(<lambda>)
       15    0.000    0.000    0.000    0.000 enum.py:868(<lambda>)
        2    0.000    0.000    0.000    0.000 functools.py:448(lru_cache)
        1    0.000    0.000    0.000    0.000 _collections_abc.py:657(get)
       11    0.000    0.000    0.000    0.000 _weakrefset.py:16(__init__)
       10    0.000    0.000    0.000    0.000 <frozen importlib._bootstrap_external>:908(__init__)
       13    0.000    0.000    0.000    0.000 <frozen importlib._bootstrap>:753(is_package)
        5    0.000    0.000    0.000    0.000 {method 'setter' of 'property' objects}
       11    0.000    0.000    0.000    0.000 {method 'remove' of 'set' objects}
        6    0.000    0.000    0.000    0.000 {method 'to_bytes' of 'int' objects}
       11    0.000    0.000    0.000    0.000 {method '__subclasshook__' of 'object' objects}
        3    0.000    0.000    0.000    0.000 {method 'mro' of 'type' objects}
        1    0.000    0.000    0.000    0.000 core.py:6248(MaskedConstant)
        2    0.000    0.000    0.000    0.000 helper.py:251(__init__)
        1    0.000    0.000    0.000    0.000 info.py:184(<module>)
        1    0.000    0.000    0.000    0.000 utils.py:1890(clear_and_catch_warnings)
        1    0.000    0.000    0.000    0.000 utils.py:1955(suppress_warnings)
        1    0.000    0.000    0.000    0.000 _compression.py:33(DecompressReader)
        1    0.000    0.000    0.000    0.000 _compression.py:1(<module>)
        1    0.000    0.000    0.000    0.000 main.py:49(TestProgram)
        1    0.000    0.000    0.000    0.000 runner.py:29(TextTestResult)
        1    0.000    0.000    0.000    0.000 runner.py:120(TextTestRunner)
        1    0.000    0.000    0.000    0.000 threading.py:203(Condition)
        1    0.000    0.000    0.000    0.000 threading.py:498(__init__)
        1    0.000    0.000    0.000    0.000 difflib.py:1707(HtmlDiff)
        1    0.000    0.000    0.000    0.000 __init__.py:752(_addHandlerRef)
        1    0.000    0.000    0.000    0.000 __init__.py:1268(__init__)
        1    0.000    0.000    0.000    0.000 __init__.py:1253(Logger)
        1    0.000    0.000    0.000    0.000 records.py:215(record)
        1    0.000    0.000    0.000    0.000 getlimits.py:62(MachArLike)
        1    0.000    0.000    0.000    0.000 getlimits.py:455(iinfo)
        3    0.000    0.000    0.000    0.000 result.py:12(failfast)
       43    0.000    0.000    0.000    0.000 _compat_pickle.py:165(<genexpr>)
        1    0.000    0.000    0.000    0.000 arrayprint.py:378(decorating_function)
        3    0.000    0.000    0.000    0.000 numeric.py:3069(__exit__)
        1    0.000    0.000    0.000    0.000 parse.py:348(_fix_result_transcoding)
        7    0.000    0.000    0.000    0.000 _inspect.py:144(<lambda>)
        1    0.000    0.000    0.000    0.000 pathlib.py:126(<setcomp>)
        1    0.000    0.000    0.000    0.000 info.py:83(<module>)
        5    0.000    0.000    0.000    0.000 datetime.py:46(_days_in_month)
        3    0.000    0.000    0.000    0.000 datetime.py:2014(_create)
        1    0.000    0.000    0.000    0.000 _internal.py:210(_getintp_ctype)
        1    0.000    0.000    0.000    0.000 {built-in method _hashlib.openssl_md5}
        1    0.000    0.000    0.000    0.000 Move.py:5(Move)
        1    0.000    0.000    0.000    0.000 _import_tools.py:9(PackageLoader)
        1    0.000    0.000    0.000    0.000 argparse.py:751(Action)
        1    0.000    0.000    0.000    0.000 argparse.py:1063(_SubParsersAction)
        1    0.000    0.000    0.000    0.000 Evaluator.py:5(__init__)
        1    0.000    0.000    0.003    0.003 Evaluator.py:1(<module>)
       13    0.000    0.000    0.000    0.000 mixins.py:30(_reflected_binary_method)
       12    0.000    0.000    0.000    0.000 mixins.py:40(_inplace_binary_method)
        1    0.000    0.000    0.000    0.000 copyreg.py:12(pickle)
        9    0.000    0.000    0.000    0.000 enum.py:181(<genexpr>)
        1    0.000    0.000    0.000    0.000 sre_compile.py:393(_generate_overlap_table)
        1    0.000    0.000    0.000    0.000 weakref.py:354(__init__)
        1    0.000    0.000    0.000    0.000 warnings.py:449(__enter__)
        1    0.000    0.000    0.000    0.000 warnings.py:143(simplefilter)
       15    0.000    0.000    0.000    0.000 {method 'items' of 'mappingproxy' objects}
        1    0.000    0.000    0.000    0.000 {method 'find' of 'str' objects}
        2    0.000    0.000    0.000    0.000 {method 'cast' of 'memoryview' objects}
       11    0.000    0.000    0.000    0.000 {method '__subclasses__' of 'type' objects}
        2    0.000    0.000    0.000    0.000 {built-in method posix.getpid}
        3    0.000    0.000    0.000    0.000 {built-in method builtins.vars}
        1    0.000    0.000    0.000    0.000 extras.py:218(_fromnxfunction)
        1    0.000    0.000    0.000    0.000 extras.py:1453(MAxisConcatenator)
        1    0.000    0.000    0.000    0.000 core.py:6255(__new__)
        1    0.000    0.000    0.000    0.000 info.py:86(<module>)
        1    0.000    0.000    0.000    0.000 ctypeslib.py:185(_ndptr)
        3    0.000    0.000    0.000    0.000 core.py:835(__init__)
        6    0.000    0.000    0.000    0.000 core.py:875(__init__)
        1    0.000    0.000    0.000    0.000 core.py:869(_DomainSafeDivide)
        1    0.000    0.000    0.000    0.000 helper.py:230(_FFTCache)
        1    0.000    0.000    0.000    0.000 _iotools.py:155(LineSplitter)
        1    0.000    0.000    0.000    0.000 arrayterator.py:20(Arrayterator)
        1    0.000    0.000    0.000    0.000 _version.py:18(NumpyVersion)
        1    0.000    0.000    0.000    0.000 info.py:34(<module>)
        1    0.000    0.000    0.000    0.000 npyio.py:104(NpzFile)
        1    0.000    0.000    0.000    0.000 _datasource.py:504(Repository)
        1    0.000    0.000    0.000    0.000 tempfile.py:600(_TemporaryFileWrapper)
        1    0.000    0.000    0.000    0.000 tempfile.py:918(TemporaryDirectory)
        3    0.000    0.000    0.000    0.000 utils.py:52(_set_function_name)
        3    0.000    0.000    0.000    0.000 utils.py:69(__init__)
        1    0.000    0.000    0.000    0.000 utils.py:997(SafeEval)
        1    0.000    0.000    0.000    0.000 nosetester.py:110(NoseTester)
        1    0.000    0.000    0.000    0.000 index_tricks.py:231(AxisConcatenator)
        1    0.000    0.000    0.000    0.000 tempfile.py:275(_RandomNameSequence)
        1    0.000    0.000    0.000    0.000 suite.py:16(BaseTestSuite)
        1    0.000    0.000    0.000    0.000 suite.py:270(_ErrorHolder)
        1    0.000    0.000    0.000    0.000 loader.py:76(__init__)
        1    0.000    0.000    0.000    0.000 threading.py:87(_RLock)
        1    0.000    0.000    0.000    0.000 threading.py:239(__enter__)
        1    0.000    0.000    0.000    0.000 case.py:1338(FunctionTestCase)
        1    0.000    0.000    0.000    0.000 difflib.py:43(SequenceMatcher)
        2    0.000    0.000    0.000    0.000 __init__.py:190(_checkLevel)
        1    0.000    0.000    0.000    0.000 __init__.py:219(_acquireLock)
        1    0.000    0.000    0.000    0.000 __init__.py:426(Formatter)
        2    0.000    0.000    0.000    0.000 __init__.py:685(__init__)
        1    0.000    0.000    0.000    0.000 __init__.py:771(__init__)
        1    0.000    0.000    0.000    0.000 __init__.py:1085(__init__)
        1    0.000    0.000    0.000    0.000 __init__.py:1145(Manager)
        1    0.000    0.000    0.000    0.000 string.py:77(Template)
        1    0.000    0.000    0.000    0.000 string.py:173(Formatter)
        1    0.000    0.000    0.000    0.000 traceback.py:227(FrameSummary)
        1    0.000    0.000    0.000    0.000 traceback.py:316(StackSummary)
        1    0.000    0.000    0.000    0.000 traceback.py:438(TracebackException)
        1    0.000    0.000    0.000    0.000 tokenize.py:99(TokenInfo)
        1    0.000    0.000    0.000    0.000 case.py:137(_AssertRaisesBaseContext)
        1    0.000    0.000    0.000    0.000 case.py:44(_Outcome)
        1    0.000    0.000    0.000    0.000 records.py:83(format_parser)
        1    0.000    0.000    0.000    0.000 records.py:298(recarray)
        1    0.000    0.000    0.000    0.000 memmap.py:20(memmap)
        1    0.000    0.000    0.000    0.000 shape_base.py:364(_Recurser)
        2    0.000    0.000    0.000    0.000 numeric.py:1942(set_string_function)
        1    0.000    0.000    0.000    0.000 pickle.py:184(_Framer)
        1    0.000    0.000    0.000    0.000 {built-in method _ctypes.dlopen}
        1    0.000    0.000    0.000    0.000 __init__.py:311(CDLL)
        3    0.000    0.000    0.000    0.000 __init__.py:477(CFunctionType)
        1    0.000    0.000    0.000    0.000 parse.py:142(_NetlocResultMixinBase)
        1    0.000    0.000    0.000    0.000 parse.py:175(_NetlocResultMixinStr)
        1    0.000    0.000    0.000    0.000 parse.py:741(Quoter)
        5    0.000    0.000    0.000    0.000 _inspect.py:145(<lambda>)
        1    0.000    0.000    0.000    0.000 pathlib.py:44(_Flavour)
        1    0.000    0.000    0.000    0.000 pathlib.py:127(<setcomp>)
        1    0.000    0.000    0.000    0.000 pathlib.py:274(_PosixFlavour)
        1    0.000    0.000    0.000    0.000 {method 'view' of 'numpy.ndarray' objects}
        2    0.000    0.000    0.000    0.000 {built-in method numpy.core.multiarray.set_string_function}
        3    0.000    0.000    0.000    0.000 datetime.py:41(_days_before_year)
        1    0.000    0.000    0.000    0.000 datetime.py:531(__neg__)
        2    0.000    0.000    0.000    0.000 datetime.py:689(__new__)
        1    0.000    0.000    0.000    0.000 _internal.py:200(dummy_ctype)
        9    0.000    0.000    0.000    0.000 __future__.py:79(__init__)
        1    0.000    0.000    0.000    0.000 info.py:156(<module>)
        1    0.000    0.000    0.000    0.000 random.py:87(__init__)
        1    0.000    0.000    0.000    0.000 random.py:668(SystemRandom)
        1    0.000    0.000    0.000    0.000 Client.py:9(Client)
       19    0.000    0.000    0.000    0.000 mixins.py:20(_binary_method)
        1    0.000    0.000    0.000    0.000 warnings.py:468(__exit__)
        2    0.000    0.000    0.000    0.000 _collections_abc.py:664(__contains__)
        4    0.000    0.000    0.000    0.000 {method 'setdefault' of 'dict' objects}
        2    0.000    0.000    0.000    0.000 {method 'clear' of 'dict' objects}
        5    0.000    0.000    0.000    0.000 {method 'insert' of 'list' objects}
        1    0.000    0.000    0.000    0.000 {method 'acquire' of '_thread.RLock' objects}
        2    0.000    0.000    0.000    0.000 {built-in method builtins.callable}
        2    0.000    0.000    0.000    0.000 {built-in method math.log}
        1    0.000    0.000    0.000    0.000 {built-in method time.time}
        1    0.000    0.000    0.000    0.000 extras.py:291(_fromnxfunction_seq)
        1    0.000    0.000    0.000    0.000 extras.py:1494(__init__)
        1    0.000    0.000    0.000    0.000 core.py:2400(_MaskedPrintOption)
        1    0.000    0.000    0.000    0.000 core.py:2617(MaskedIterator)
        1    0.000    0.000    0.000    0.000 core.py:6361(_extrema_operation)
        1    0.000    0.000    0.000    0.000 core.py:7960(_convert2ma)
        1    0.000    0.000    0.000    0.000 core.py:93(MaskedArrayFutureWarning)
        1    0.000    0.000    0.000    0.000 core.py:160(MAError)
        1    0.000    0.000    0.000    0.000 core.py:168(MaskError)
        1    0.000    0.000    0.000    0.000 core.py:200(<listcomp>)
        1    0.000    0.000    0.000    0.000 core.py:851(_DomainTan)
        2    0.000    0.000    0.000    0.000 core.py:912(__init__)
        1    0.000    0.000    0.000    0.000 core.py:906(_DomainGreaterEqual)
        1    0.000    0.000    0.000    0.000 core.py:922(_MaskedUnaryOperation)
        1    0.000    0.000    0.000    0.000 core.py:1001(_MaskedBinaryOperation)
        1    0.000    0.000    0.000    0.000 _iotools.py:445(ConverterError)
        1    0.000    0.000    0.000    0.000 _distributor_init.py:10(<module>)
        1    0.000    0.000    0.000    0.000 npyio.py:40(BagObj)
        1    0.000    0.000    0.000    0.000 _datasource.py:74(__init__)
        1    0.000    0.000    0.000    0.000 _datasource.py:50(_FileOpeners)
        1    0.000    0.000    0.000    0.000 tempfile.py:557(_TemporaryFileCloser)
        1    0.000    0.000    0.000    0.000 utils.py:57(_Deprecate)
        2    0.000    0.000    0.000    0.000 index_tricks.py:159(__init__)
        1    0.000    0.000    0.000    0.000 index_tricks.py:98(nd_grid)
        1    0.000    0.000    0.000    0.000 index_tricks.py:451(__init__)
        1    0.000    0.000    0.000    0.000 index_tricks.py:356(RClass)
        1    0.000    0.000    0.000    0.000 index_tricks.py:481(__init__)
        1    0.000    0.000    0.000    0.000 index_tricks.py:536(ndindex)
        1    0.000    0.000    0.000    0.000 function_base.py:2527(vectorize)
        1    0.000    0.000    0.000    0.000 utils.py:1589(WarningMessage)
        1    0.000    0.000    0.000    0.000 utils.py:1622(WarningManager)
        1    0.000    0.000    0.000    0.000 utils.py:1849(IgnoreException)
        1    0.000    0.000    0.000    0.000 _compression.py:9(BaseStream)
        1    0.000    0.000    0.000    0.000 suite.py:92(TestSuite)
        1    0.000    0.000    0.000    0.000 suite.py:317(_DebugResult)
        1    0.000    0.000    0.000    0.000 loader.py:23(_FailedTest)
        1    0.000    0.000    0.000    0.000 runner.py:13(_WritelnDecorator)
        1    0.000    0.000    0.000    0.000 threading.py:242(__exit__)
        1    0.000    0.000    0.000    0.000 threading.py:254(_is_owned)
        1    0.000    0.000    0.000    0.000 threading.py:357(notify_all)
        1    0.000    0.000    0.000    0.000 threading.py:369(Semaphore)
        1    0.000    0.000    0.000    0.000 threading.py:487(Event)
        1    0.000    0.000    0.000    0.000 threading.py:720(BrokenBarrierError)
        1    0.000    0.000    0.000    0.000 threading.py:1158(Timer)
        1    0.000    0.000    0.000    0.000 threading.py:1207(_DummyThread)
        1    0.000    0.000    0.000    0.000 pprint.py:72(_safe_key)
        1    0.000    0.000    0.000    0.000 case.py:1396(_SubTest)
        1    0.000    0.000    0.000    0.000 difflib.py:751(Differ)
        1    0.000    0.000    0.000    0.000 __init__.py:228(_releaseLock)
        1    0.000    0.000    0.000    0.000 __init__.py:239(LogRecord)
        1    0.000    0.000    0.000    0.000 __init__.py:384(__init__)
        1    0.000    0.000    0.000    0.000 __init__.py:378(PercentStyle)
        1    0.000    0.000    0.000    0.000 __init__.py:393(StrFormatStyle)
        1    0.000    0.000    0.000    0.000 __init__.py:601(BufferingFormatter)
        1    0.000    0.000    0.000    0.000 __init__.py:643(Filter)
        1    0.000    0.000    0.000    0.000 __init__.py:800(createLock)
        1    0.000    0.000    0.000    0.000 __init__.py:951(StreamHandler)
        1    0.000    0.000    0.000    0.000 __init__.py:1079(_StderrHandler)
        1    0.000    0.000    0.000    0.000 __init__.py:1150(__init__)
        1    0.000    0.000    0.000    0.000 __init__.py:1582(__init__)
        1    0.000    0.000    0.000    0.000 __init__.py:1966(NullHandler)
        2    0.000    0.000    0.000    0.000 threading.py:74(RLock)
        1    0.000    0.000    0.000    0.000 tokenize.py:113(any)
        2    0.000    0.000    0.000    0.000 tokenize.py:114(maybe)
        1    0.000    0.000    0.000    0.000 tokenize.py:222(Untokenizer)
        1    0.000    0.000    0.000    0.000 case.py:128(_BaseTestCaseContext)
        1    0.000    0.000    0.000    0.000 case.py:184(_AssertRaisesContext)
        1    0.000    0.000    0.000    0.000 case.py:278(_CapturingHandler)
        1    0.000    0.000    0.000    0.000 getlimits.py:305(finfo)
        1    0.000    0.000    0.000    0.000 arrayprint.py:602(FloatFormat)
        1    0.000    0.000    0.000    0.000 arrayprint.py:711(IntegerFormat)
        1    0.000    0.000    0.000    0.000 arrayprint.py:731(LongFloatFormat)
        1    0.000    0.000    0.000    0.000 arrayprint.py:810(TimedeltaFormat)
        1    0.000    0.000    0.000    0.000 numeric.py:76(ComplexWarning)
        1    0.000    0.000    0.000    0.000 numeric.py:2997(errstate)
        1    0.000    0.000    0.000    0.000 pickle.py:68(PicklingError)
        1    0.000    0.000    0.000    0.000 pickle.py:88(_Stop)
        1    0.000    0.000    0.000    0.000 pickle.py:220(_Unframer)
        1    0.000    0.000    0.000    0.000 __init__.py:342(_FuncPtr)
        1    0.000    0.000    0.000    0.000 __init__.py:371(PyDLL)
        2    0.000    0.000    0.000    0.000 __init__.py:412(__init__)
        1    0.000    0.000    0.000    0.000 __init__.py:411(LibraryLoader)
        1    0.000    0.000    0.000    0.000 numbers.py:12(Number)
        1    0.000    0.000    0.000    0.000 pathlib.py:514(_WildcardSelector)
        1    0.000    0.000    0.000    0.000 pathlib.py:537(_RecursiveWildcardSelector)
        1    0.000    0.000    0.000    0.000 pathlib.py:574(_PathParents)
        1    0.000    0.000    0.000    0.000 pathlib.py:961(PurePosixPath)
        1    0.000    0.000    0.000    0.000 pathlib.py:971(PureWindowsPath)
        1    0.000    0.000    0.000    0.000 pathlib.py:1453(WindowsPath)
        1    0.000    0.000    0.000    0.000 parse.py:126(_ResultMixinStr)
        1    0.000    0.000    0.000    0.000 parse.py:205(_NetlocResultMixinBytes)
        1    0.000    0.000    0.000    0.000 parse.py:310(DefragResult)
        1    0.000    0.000    0.000    0.000 parse.py:318(SplitResult)
        3    0.000    0.000    0.000    0.000 __init__.py:99(CFunctionType)
        1    0.000    0.000    0.000    0.000 __init__.py:151(py_object)
        1    0.000    0.000    0.000    0.000 __init__.py:164(c_ushort)
        1    0.000    0.000    0.000    0.000 __init__.py:193(c_double)
        1    0.000    0.000    0.000    0.000 __init__.py:218(c_ubyte)
        1    0.000    0.000    0.000    0.000 __init__.py:230(c_char)
        1    0.000    0.000    0.000    0.000 _internal.py:674(AxisError)
        2    0.000    0.000    0.000    0.000 pathlib.py:48(__init__)
        1    0.000    0.000    0.000    0.000 pathlib.py:492(_TerminatingSelector)
        1    0.000    0.000    0.000    0.000 pathlib.py:498(_PreciseSelector)
        1    0.000    0.000    0.000    0.000 {built-in method numpy.core.multiarray.set_typeDict}
        1    0.000    0.000    0.000    0.000 datetime.py:964(tzinfo)
        1    0.000    0.000    0.000    0.000 _internal.py:233(_missing_ctypes)
        1    0.000    0.000    0.000    0.000 {built-in method _hashlib.openssl_sha224}
        1    0.000    0.000    0.000    0.000 {built-in method _hashlib.openssl_sha256}
        1    0.000    0.000    0.000    0.000 {built-in method _hashlib.openssl_sha384}
        1    0.000    0.000    0.000    0.000 {built-in method _hashlib.openssl_sha512}
        1    0.000    0.000    0.000    0.000 __future__.py:78(_Feature)
        1    0.000    0.000    0.000    0.000 version.py:5(<module>)
        1    0.000    0.000    0.000    0.000 _import_tools.py:340(PackageLoaderDebug)
        1    0.000    0.000    0.000    0.000 argparse.py:650(RawDescriptionHelpFormatter)
        1    0.000    0.000    0.000    0.000 argparse.py:672(ArgumentDefaultsHelpFormatter)
        1    0.000    0.000    0.000    0.000 argparse.py:689(MetavarTypeHelpFormatter)
        1    0.000    0.000    0.000    0.000 argparse.py:842(_StoreAction)
        1    0.000    0.000    0.000    0.000 argparse.py:917(_StoreFalseAction)
        1    0.000    0.000    0.000    0.000 argparse.py:934(_AppendAction)
        1    0.000    0.000    0.000    0.000 argparse.py:971(_AppendConstAction)
        1    0.000    0.000    0.000    0.000 argparse.py:1018(_HelpAction)
        1    0.000    0.000    0.000    0.000 argparse.py:1037(_VersionAction)
        1    0.000    0.000    0.000    0.000 argparse.py:1065(_ChoicesPseudoAction)
        1    0.000    0.000    0.000    0.000 argparse.py:1213(Namespace)
        1    0.000    0.000    0.000    0.000 argparse.py:1540(_ArgumentGroup)
        1    0.000    0.000    0.000    0.000 argparse.py:1574(_MutuallyExclusiveGroup)
        1    0.000    0.000    0.000    0.000 Evaluator.py:3(Evaluator)
        1    0.000    0.000    0.000    0.000 argparse.py:118(_AttributeHolder)
        1    0.000    0.000    0.000    0.000 ast.py:229(NodeVisitor)
        1    0.000    0.000    0.000    0.000 ast.py:266(NodeTransformer)
        1    0.000    0.000    0.000    0.000 stride_tricks.py:15(DummyArray)
        3    0.000    0.000    0.000    0.000 enum.py:337(__members__)
        1    0.000    0.000    0.000    0.000 warnings.py:428(__init__)
        1    0.000    0.000    0.000    0.000 weakref.py:288(update)
        1    0.000    0.000    0.000    0.000 os.py:1067(__subclasshook__)
        1    0.000    0.000    0.000    0.000 posixpath.py:52(normcase)
       11    0.000    0.000    0.000    0.000 _weakrefset.py:52(_commit_removals)
        1    0.000    0.000    0.000    0.000 {built-in method atexit.register}
        1    0.000    0.000    0.000    0.000 {method 'values' of 'dict' objects}
        1    0.000    0.000    0.000    0.000 {built-in method _thread._set_sentinel}
        1    0.000    0.000    0.000    0.000 {method 'release' of '_thread.RLock' objects}
        2    0.000    0.000    0.000    0.000 {method 'acquire' of '_thread.lock' objects}
        1    0.000    0.000    0.000    0.000 {method '__enter__' of '_thread.lock' objects}
        1    0.000    0.000    0.000    0.000 {method '__exit__' of '_thread.lock' objects}
        3    0.000    0.000    0.000    0.000 {built-in method builtins.id}
        6    0.000    0.000    0.000    0.000 {built-in method builtins.max}
        1    0.000    0.000    0.000    0.000 {built-in method math.sqrt}
        1    0.000    0.000    0.000    0.000 extras.py:273(_fromnxfunction_single)
        1    0.000    0.000    0.000    0.000 extras.py:304(_fromnxfunction_args)
        1    0.000    0.000    0.000    0.000 extras.py:329(_fromnxfunction_allargs)
        1    0.000    0.000    0.000    0.000 extras.py:1478(mr_class)
        1    0.000    0.000    0.000    0.000 core.py:2406(__init__)
        1    0.000    0.000    0.000    0.000 core.py:6258(__array_finalize__)
        1    0.000    0.000    0.000    0.000 core.py:6482(_frommethod)
        1    0.000    0.000    0.000    0.000 core.py:202(<listcomp>)
        1    0.000    0.000    0.000    0.000 core.py:826(_DomainCheckInterval)
        1    0.000    0.000    0.000    0.000 core.py:859(__init__)
        3    0.000    0.000    0.000    0.000 core.py:896(__init__)
        1    0.000    0.000    0.000    0.000 core.py:890(_DomainGreater)
        1    0.000    0.000    0.000    0.000 core.py:1153(_DomainedBinaryOperation)
        1    0.000    0.000    0.000    0.000 polyutils.py:58(RankWarning)
        1    0.000    0.000    0.000    0.000 polyutils.py:62(PolyError)
        1    0.000    0.000    0.000    0.000 polyutils.py:66(PolyDomainError)
        1    0.000    0.000    0.000    0.000 polyutils.py:79(PolyBase)
        1    0.000    0.000    0.000    0.000 _iotools.py:453(ConverterLockError)
        1    0.000    0.000    0.000    0.000 _iotools.py:461(ConversionWarning)
        1    0.000    0.000    0.000    0.000 linalg.py:43(LinAlgError)
        1    0.000    0.000    0.000    0.000 index_tricks.py:456(CClass)
        1    0.000    0.000    0.000    0.000 index_tricks.py:486(ndenumerate)
        2    0.000    0.000    0.000    0.000 index_tricks.py:658(__init__)
        1    0.000    0.000    0.000    0.000 index_tricks.py:614(IndexExpression)
        1    0.000    0.000    0.000    0.000 shutil.py:55(Error)
        1    0.000    0.000    0.000    0.000 shutil.py:58(SameFileError)
        1    0.000    0.000    0.000    0.000 shutil.py:61(SpecialFileError)
        1    0.000    0.000    0.000    0.000 shutil.py:65(ExecError)
        1    0.000    0.000    0.000    0.000 shutil.py:68(ReadError)
        1    0.000    0.000    0.000    0.000 shutil.py:71(RegistryError)
        1    0.000    0.000    0.000    0.000 signals.py:9(_InterruptHandler)
        1    0.000    0.000    0.000    0.000 utils.py:41(KnownFailureException)
        1    0.000    0.000    0.000    0.000 threading.py:449(BoundedSemaphore)
        1    0.000    0.000    0.000    0.000 threading.py:890(_set_ident)
        1    0.000    0.000    0.000    0.000 threading.py:1188(_MainThread)
       10    0.000    0.000    0.000    0.000 case.py:1316(_deprecate)
        1    0.000    0.000    0.000    0.000 __init__.py:402(StringTemplateStyle)
        1    0.000    0.000    0.000    0.000 __init__.py:680(Filterer)
        1    0.000    0.000    0.000    0.000 __init__.py:1010(FileHandler)
        1    0.000    0.000    0.000    0.000 __init__.py:1103(PlaceHolder)
        1    0.000    0.000    0.000    0.000 __init__.py:1576(RootLogger)
        1    0.000    0.000    0.000    0.000 tokenize.py:217(TokenError)
        1    0.000    0.000    0.000    0.000 tokenize.py:219(StopTokenizing)
        1    0.000    0.000    0.000    0.000 case.py:221(_AssertWarnsContext)
        1    0.000    0.000    0.000    0.000 case.py:25(SkipTest)
        1    0.000    0.000    0.000    0.000 case.py:33(_ShouldStop)
        1    0.000    0.000    0.000    0.000 case.py:38(_UnexpectedSuccess)
        1    0.000    0.000    0.000    0.000 case.py:297(_AssertLogsContext)
        1    0.000    0.000    0.000    0.000 arrayprint.py:368(_recursive_guard)
        1    0.000    0.000    0.000    0.000 arrayprint.py:761(LongComplexFormat)
        1    0.000    0.000    0.000    0.000 arrayprint.py:772(ComplexFormat)
        1    0.000    0.000    0.000    0.000 arrayprint.py:789(DatetimeFormat)
        1    0.000    0.000    0.000    0.000 arrayprint.py:837(SubArrayFormat)
        1    0.000    0.000    0.000    0.000 arrayprint.py:847(StructureFormat)
        1    0.000    0.000    0.000    0.000 numeric.py:2992(_unspecified)
        1    0.000    0.000    0.000    0.000 pickle.py:64(PickleError)
        1    0.000    0.000    0.000    0.000 pickle.py:75(UnpicklingError)
        1    0.000    0.000    0.000    0.000 __init__.py:246(c_bool)
        1    0.000    0.000    0.000    0.000 __init__.py:251(c_wchar_p)
        1    0.000    0.000    0.000    0.000 __init__.py:256(c_wchar)
        1    0.000    0.000    0.000    0.000 _endian.py:23(_swapped_meta)
        1    0.000    0.000    0.000    0.000 _endian.py:46(BigEndianStructure)
        1    0.000    0.000    0.000    0.000 numerictypes.py:765(_typedict)
        1    0.000    0.000    0.000    0.000 pathlib.py:1446(PosixPath)
        1    0.000    0.000    0.000    0.000 parse.py:134(_ResultMixinBytes)
        1    0.000    0.000    0.000    0.000 parse.py:323(ParseResult)
        1    0.000    0.000    0.000    0.000 parse.py:329(DefragResultBytes)
        1    0.000    0.000    0.000    0.000 parse.py:337(SplitResultBytes)
        1    0.000    0.000    0.000    0.000 parse.py:342(ParseResultBytes)
        1    0.000    0.000    0.000    0.000 __init__.py:160(c_short)
        1    0.000    0.000    0.000    0.000 __init__.py:168(c_long)
        1    0.000    0.000    0.000    0.000 __init__.py:172(c_ulong)
        1    0.000    0.000    0.000    0.000 __init__.py:181(c_int)
        1    0.000    0.000    0.000    0.000 __init__.py:185(c_uint)
        1    0.000    0.000    0.000    0.000 __init__.py:189(c_float)
        1    0.000    0.000    0.000    0.000 __init__.py:197(c_longdouble)
        1    0.000    0.000    0.000    0.000 __init__.py:225(c_byte)
        1    0.000    0.000    0.000    0.000 __init__.py:235(c_char_p)
        1    0.000    0.000    0.000    0.000 __init__.py:241(c_void_p)
        1    0.000    0.000    0.000    0.000 _internal.py:671(TooHardError)
        1    0.000    0.000    0.000    0.000 pathlib.py:377(_Accessor)
        1    0.000    0.000    0.000    0.000 pathlib.py:467(_Selector)
        5    0.000    0.000    0.000    0.000 datetime.py:309(_check_tzinfo_arg)
        1    0.000    0.000    0.000    0.000 _globals.py:33(ModuleDeprecationWarning)
        1    0.000    0.000    0.000    0.000 _globals.py:45(VisibleDeprecationWarning)
        1    0.000    0.000    0.000    0.000 _globals.py:56(_NoValue)
        1    0.000    0.000    0.000    0.000 argparse.py:209(_Section)
        1    0.000    0.000    0.000    0.000 argparse.py:661(RawTextHelpFormatter)
        1    0.000    0.000    0.000    0.000 argparse.py:722(ArgumentError)
        1    0.000    0.000    0.000    0.000 argparse.py:742(ArgumentTypeError)
        1    0.000    0.000    0.000    0.000 argparse.py:877(_StoreConstAction)
        1    0.000    0.000    0.000    0.000 argparse.py:900(_StoreTrueAction)
        1    0.000    0.000    0.000    0.000 argparse.py:997(_CountAction)
        1    0.000    0.000    0.000    0.000 argparse.py:1159(FileType)
        4    0.000    0.000    0.000    0.000 mixins.py:55(_unary_method)
        1    0.000    0.000    0.000    0.000 polynomial.py:22(RankWarning)
        1    0.000    0.000    0.000    0.000 copyreg.py:22(constructor)
        4    0.000    0.000    0.000    0.000 enum.py:599(value)
        1    0.000    0.000    0.000    0.000 sre_parse.py:287(seek)
        1    0.000    0.000    0.000    0.000 {method 'disable' of '_lsprof.Profiler' objects}


